2024-11-02 19:26:32,215 - DEBUG - Starting new HTTPS connection (1): sd-wifi-9b23c-default-rtdb.firebaseio.com:443
2024-11-02 19:26:32,381 - DEBUG - https://sd-wifi-9b23c-default-rtdb.firebaseio.com:443 "GET /machine_states.json HTTP/1.1" 200 66
2024-11-02 19:26:32,423 - DEBUG - https://sd-wifi-9b23c-default-rtdb.firebaseio.com:443 "PUT /machine_states.json HTTP/1.1" 200 66
2024-11-02 19:26:32,467 - DEBUG - STREAM b'IHDR' 16 13
2024-11-02 19:26:32,467 - DEBUG - STREAM b'PLTE' 41 435
2024-11-02 19:26:32,467 - DEBUG - STREAM b'IDAT' 488 8192
2024-11-02 19:26:32,483 - DEBUG - STREAM b'IHDR' 16 13
2024-11-02 19:26:32,485 - DEBUG - STREAM b'PLTE' 41 189
2024-11-02 19:26:32,485 - DEBUG - STREAM b'IDAT' 242 8192
2024-11-02 19:26:32,498 - DEBUG - STREAM b'IHDR' 16 13
2024-11-02 19:26:32,498 - DEBUG - STREAM b'PLTE' 41 348
2024-11-02 19:26:32,498 - DEBUG - STREAM b'IDAT' 401 8192
2024-11-02 19:26:32,512 - DEBUG - STREAM b'IHDR' 16 13
2024-11-02 19:26:32,512 - DEBUG - STREAM b'PLTE' 41 156
2024-11-02 19:26:32,512 - DEBUG - STREAM b'IDAT' 209 8192
2024-11-02 19:26:32,524 - DEBUG - STREAM b'IHDR' 16 13
2024-11-02 19:26:32,524 - DEBUG - STREAM b'PLTE' 41 312
2024-11-02 19:26:32,524 - DEBUG - STREAM b'IDAT' 365 8192
2024-11-02 19:26:32,537 - DEBUG - STREAM b'IHDR' 16 13
2024-11-02 19:26:32,537 - DEBUG - STREAM b'PLTE' 41 141
2024-11-02 19:26:32,537 - DEBUG - STREAM b'IDAT' 194 8192
2024-11-02 19:26:32,547 - DEBUG - STREAM b'IHDR' 16 13
2024-11-02 19:26:32,548 - DEBUG - STREAM b'PLTE' 41 351
2024-11-02 19:26:32,548 - DEBUG - STREAM b'IDAT' 404 8192
2024-11-02 19:26:32,561 - DEBUG - STREAM b'IHDR' 16 13
2024-11-02 19:26:32,561 - DEBUG - STREAM b'PLTE' 41 159
2024-11-02 19:26:32,561 - DEBUG - STREAM b'IDAT' 212 8192
2024-11-02 19:26:32,572 - DEBUG - STREAM b'IHDR' 16 13
2024-11-02 19:26:32,573 - DEBUG - STREAM b'PLTE' 41 363
2024-11-02 19:26:32,573 - DEBUG - STREAM b'IDAT' 416 8192
2024-11-02 19:26:32,588 - DEBUG - STREAM b'IHDR' 16 13
2024-11-02 19:26:32,588 - DEBUG - STREAM b'PLTE' 41 165
2024-11-02 19:26:32,588 - DEBUG - STREAM b'IDAT' 218 8192
2024-11-02 19:26:32,599 - DEBUG - STREAM b'IHDR' 16 13
2024-11-02 19:26:32,600 - DEBUG - STREAM b'PLTE' 41 315
2024-11-02 19:26:32,600 - DEBUG - STREAM b'IDAT' 368 8192
2024-11-02 19:26:32,612 - DEBUG - STREAM b'IHDR' 16 13
2024-11-02 19:26:32,613 - DEBUG - STREAM b'PLTE' 41 141
2024-11-02 19:26:32,613 - DEBUG - STREAM b'IDAT' 194 8192
2024-11-02 19:26:32,623 - DEBUG - STREAM b'IHDR' 16 13
2024-11-02 19:26:32,623 - DEBUG - STREAM b'PLTE' 41 300
2024-11-02 19:26:32,623 - DEBUG - STREAM b'IDAT' 353 8192
2024-11-02 19:26:32,636 - DEBUG - STREAM b'IHDR' 16 13
2024-11-02 19:26:32,637 - DEBUG - STREAM b'PLTE' 41 126
2024-11-02 19:26:32,637 - DEBUG - STREAM b'IDAT' 179 8192
2024-11-02 19:26:32,647 - DEBUG - STREAM b'IHDR' 16 13
2024-11-02 19:26:32,647 - DEBUG - STREAM b'PLTE' 41 357
2024-11-02 19:26:32,647 - DEBUG - STREAM b'IDAT' 410 8192
2024-11-02 19:26:32,661 - DEBUG - STREAM b'IHDR' 16 13
2024-11-02 19:26:32,661 - DEBUG - STREAM b'PLTE' 41 147
2024-11-02 19:26:32,661 - DEBUG - STREAM b'IDAT' 200 8192
2024-11-02 19:26:32,672 - DEBUG - STREAM b'IHDR' 16 13
2024-11-02 19:26:32,672 - DEBUG - STREAM b'PLTE' 41 306
2024-11-02 19:26:32,672 - DEBUG - STREAM b'IDAT' 359 8192
2024-11-02 19:26:32,687 - DEBUG - STREAM b'IHDR' 16 13
2024-11-02 19:26:32,687 - DEBUG - STREAM b'PLTE' 41 153
2024-11-02 19:26:32,687 - DEBUG - STREAM b'IDAT' 206 8192
2024-11-02 19:26:32,705 - DEBUG - STREAM b'IHDR' 16 13
2024-11-02 19:26:32,705 - DEBUG - STREAM b'PLTE' 41 489
2024-11-02 19:26:32,705 - DEBUG - STREAM b'IDAT' 542 8192
2024-11-02 19:26:32,721 - DEBUG - STREAM b'IHDR' 16 13
2024-11-02 19:26:32,722 - DEBUG - STREAM b'PLTE' 41 225
2024-11-02 19:26:32,722 - DEBUG - STREAM b'IDAT' 278 8192
2024-11-02 19:26:32,735 - DEBUG - STREAM b'IHDR' 16 13
2024-11-02 19:26:32,735 - DEBUG - STREAM b'PLTE' 41 447
2024-11-02 19:26:32,735 - DEBUG - STREAM b'IDAT' 500 8192
2024-11-02 19:26:32,750 - DEBUG - STREAM b'IHDR' 16 13
2024-11-02 19:26:32,750 - DEBUG - STREAM b'PLTE' 41 192
2024-11-02 19:26:32,750 - DEBUG - STREAM b'IDAT' 245 8192
2024-11-02 19:26:32,761 - DEBUG - STREAM b'IHDR' 16 13
2024-11-02 19:26:32,761 - DEBUG - STREAM b'PLTE' 41 438
2024-11-02 19:26:32,761 - DEBUG - STREAM b'IDAT' 491 8192
2024-11-02 19:26:32,776 - DEBUG - STREAM b'IHDR' 16 13
2024-11-02 19:26:32,776 - DEBUG - STREAM b'PLTE' 41 180
2024-11-02 19:26:32,776 - DEBUG - STREAM b'IDAT' 233 8192
2024-11-02 19:26:32,787 - DEBUG - STREAM b'IHDR' 16 13
2024-11-02 19:26:32,787 - DEBUG - STREAM b'PLTE' 41 378
2024-11-02 19:26:32,787 - DEBUG - STREAM b'IDAT' 431 8192
2024-11-02 19:26:32,802 - DEBUG - STREAM b'IHDR' 16 13
2024-11-02 19:26:32,802 - DEBUG - STREAM b'PLTE' 41 183
2024-11-02 19:26:32,802 - DEBUG - STREAM b'IDAT' 236 8192
2024-11-02 19:26:32,814 - DEBUG - STREAM b'IHDR' 16 13
2024-11-02 19:26:32,814 - DEBUG - STREAM b'PLTE' 41 435
2024-11-02 19:26:32,814 - DEBUG - STREAM b'IDAT' 488 8192
2024-11-02 19:26:32,831 - DEBUG - STREAM b'IHDR' 16 13
2024-11-02 19:26:32,831 - DEBUG - STREAM b'PLTE' 41 171
2024-11-02 19:26:32,831 - DEBUG - STREAM b'IDAT' 224 8192
2024-11-02 19:26:32,843 - DEBUG - STREAM b'IHDR' 16 13
2024-11-02 19:26:32,843 - DEBUG - STREAM b'PLTE' 41 345
2024-11-02 19:26:32,843 - DEBUG - STREAM b'IDAT' 398 8192
2024-11-02 19:26:32,858 - DEBUG - STREAM b'IHDR' 16 13
2024-11-02 19:26:32,858 - DEBUG - STREAM b'PLTE' 41 153
2024-11-02 19:26:32,858 - DEBUG - STREAM b'IDAT' 206 8192
2024-11-02 19:26:32,870 - DEBUG - STREAM b'IHDR' 16 13
2024-11-02 19:26:32,870 - DEBUG - STREAM b'PLTE' 41 426
2024-11-02 19:26:32,870 - DEBUG - STREAM b'IDAT' 479 8192
2024-11-02 19:26:32,885 - DEBUG - STREAM b'IHDR' 16 13
2024-11-02 19:26:32,885 - DEBUG - STREAM b'PLTE' 41 177
2024-11-02 19:26:32,885 - DEBUG - STREAM b'IDAT' 230 8192
2024-11-02 19:26:32,896 - DEBUG - STREAM b'IHDR' 16 13
2024-11-02 19:26:32,896 - DEBUG - STREAM b'PLTE' 41 330
2024-11-02 19:26:32,896 - DEBUG - STREAM b'IDAT' 383 8192
2024-11-02 19:26:32,910 - DEBUG - STREAM b'IHDR' 16 13
2024-11-02 19:26:32,910 - DEBUG - STREAM b'PLTE' 41 330
2024-11-02 19:26:32,910 - DEBUG - STREAM b'IDAT' 383 8192
2024-11-02 19:26:32,923 - DEBUG - STREAM b'IHDR' 16 13
2024-11-02 19:26:32,923 - DEBUG - STREAM b'PLTE' 41 369
2024-11-02 19:26:32,923 - DEBUG - STREAM b'IDAT' 422 8192
2024-11-02 19:26:32,936 - DEBUG - STREAM b'IHDR' 16 13
2024-11-02 19:26:32,936 - DEBUG - STREAM b'PLTE' 41 144
2024-11-02 19:26:32,936 - DEBUG - STREAM b'IDAT' 197 8192
2024-11-02 19:26:32,947 - DEBUG - STREAM b'IHDR' 16 13
2024-11-02 19:26:32,947 - DEBUG - STREAM b'PLTE' 41 399
2024-11-02 19:26:32,947 - DEBUG - STREAM b'IDAT' 452 8192
2024-11-02 19:26:32,963 - DEBUG - STREAM b'IHDR' 16 13
2024-11-02 19:26:32,963 - DEBUG - STREAM b'PLTE' 41 162
2024-11-02 19:26:32,963 - DEBUG - STREAM b'IDAT' 215 8192
2024-11-02 19:26:32,974 - DEBUG - STREAM b'IHDR' 16 13
2024-11-02 19:26:32,974 - DEBUG - STREAM b'PLTE' 41 402
2024-11-02 19:26:32,974 - DEBUG - STREAM b'IDAT' 455 8192
2024-11-02 19:26:32,988 - DEBUG - STREAM b'IHDR' 16 13
2024-11-02 19:26:32,988 - DEBUG - STREAM b'PLTE' 41 177
2024-11-02 19:26:32,988 - DEBUG - STREAM b'IDAT' 230 8192
2024-11-02 19:26:33,000 - DEBUG - STREAM b'IHDR' 16 13
2024-11-02 19:26:33,000 - DEBUG - STREAM b'PLTE' 41 498
2024-11-02 19:26:33,000 - DEBUG - STREAM b'IDAT' 551 8192
2024-11-02 19:26:33,014 - DEBUG - STREAM b'IHDR' 16 13
2024-11-02 19:26:33,014 - DEBUG - STREAM b'PLTE' 41 195
2024-11-02 19:26:33,014 - DEBUG - STREAM b'IDAT' 248 8192
2024-11-02 19:26:33,025 - DEBUG - STREAM b'IHDR' 16 13
2024-11-02 19:26:33,025 - DEBUG - STREAM b'PLTE' 41 378
2024-11-02 19:26:33,025 - DEBUG - STREAM b'IDAT' 431 8192
2024-11-02 19:26:33,040 - DEBUG - STREAM b'IHDR' 16 13
2024-11-02 19:26:33,040 - DEBUG - STREAM b'PLTE' 41 171
2024-11-02 19:26:33,040 - DEBUG - STREAM b'IDAT' 224 8192
2024-11-02 19:26:33,052 - DEBUG - STREAM b'IHDR' 16 13
2024-11-02 19:26:33,052 - DEBUG - STREAM b'PLTE' 41 396
2024-11-02 19:26:33,052 - DEBUG - STREAM b'IDAT' 449 8192
2024-11-02 19:26:33,066 - DEBUG - STREAM b'IHDR' 16 13
2024-11-02 19:26:33,066 - DEBUG - STREAM b'PLTE' 41 198
2024-11-02 19:26:33,066 - DEBUG - STREAM b'IDAT' 251 8192
2024-11-02 19:26:33,078 - DEBUG - STREAM b'IHDR' 16 13
2024-11-02 19:26:33,078 - DEBUG - STREAM b'PLTE' 41 324
2024-11-02 19:26:33,078 - DEBUG - STREAM b'IDAT' 377 8192
2024-11-02 19:26:33,091 - DEBUG - STREAM b'IHDR' 16 13
2024-11-02 19:26:33,091 - DEBUG - STREAM b'PLTE' 41 144
2024-11-02 19:26:33,091 - DEBUG - STREAM b'IDAT' 197 8192
2024-11-02 19:26:33,101 - DEBUG - STREAM b'IHDR' 16 13
2024-11-02 19:26:33,102 - DEBUG - STREAM b'PLTE' 41 312
2024-11-02 19:26:33,102 - DEBUG - STREAM b'IDAT' 365 8192
2024-11-02 19:26:33,115 - DEBUG - STREAM b'IHDR' 16 13
2024-11-02 19:26:33,115 - DEBUG - STREAM b'PLTE' 41 162
2024-11-02 19:26:33,115 - DEBUG - STREAM b'IDAT' 215 8192
2024-11-02 19:26:33,126 - DEBUG - STREAM b'IHDR' 16 13
2024-11-02 19:26:33,126 - DEBUG - STREAM b'PLTE' 41 306
2024-11-02 19:26:33,126 - DEBUG - STREAM b'IDAT' 359 8192
2024-11-02 19:26:33,139 - DEBUG - STREAM b'IHDR' 16 13
2024-11-02 19:26:33,139 - DEBUG - STREAM b'PLTE' 41 123
2024-11-02 19:26:33,139 - DEBUG - STREAM b'IDAT' 176 8192
2024-11-02 19:26:33,150 - DEBUG - STREAM b'IHDR' 16 13
2024-11-02 19:26:33,150 - DEBUG - STREAM b'PLTE' 41 312
2024-11-02 19:26:33,150 - DEBUG - STREAM b'IDAT' 365 8192
2024-11-02 19:26:33,164 - DEBUG - STREAM b'IHDR' 16 13
2024-11-02 19:26:33,164 - DEBUG - STREAM b'PLTE' 41 174
2024-11-02 19:26:33,164 - DEBUG - STREAM b'IDAT' 227 8192
2024-11-02 19:26:33,175 - DEBUG - STREAM b'IHDR' 16 13
2024-11-02 19:26:33,176 - DEBUG - STREAM b'PLTE' 41 384
2024-11-02 19:26:33,176 - DEBUG - STREAM b'IDAT' 437 8192
2024-11-02 19:26:33,189 - DEBUG - STREAM b'IHDR' 16 13
2024-11-02 19:26:33,189 - DEBUG - STREAM b'PLTE' 41 216
2024-11-02 19:26:33,189 - DEBUG - STREAM b'IDAT' 269 8192
2024-11-02 19:26:33,201 - DEBUG - STREAM b'IHDR' 16 13
2024-11-02 19:26:33,201 - DEBUG - STREAM b'PLTE' 41 342
2024-11-02 19:26:33,201 - DEBUG - STREAM b'IDAT' 395 8192
2024-11-02 19:26:33,215 - DEBUG - STREAM b'IHDR' 16 13
2024-11-02 19:26:33,215 - DEBUG - STREAM b'PLTE' 41 180
2024-11-02 19:26:33,215 - DEBUG - STREAM b'IDAT' 233 8192
2024-11-02 19:26:33,227 - DEBUG - STREAM b'IHDR' 16 13
2024-11-02 19:26:33,227 - DEBUG - STREAM b'PLTE' 41 336
2024-11-02 19:26:33,227 - DEBUG - STREAM b'IDAT' 389 8192
2024-11-02 19:26:33,243 - DEBUG - STREAM b'IHDR' 16 13
2024-11-02 19:26:33,243 - DEBUG - STREAM b'PLTE' 41 153
2024-11-02 19:26:33,243 - DEBUG - STREAM b'IDAT' 206 8192
2024-11-02 19:26:33,258 - DEBUG - Starting new HTTPS connection (1): sd-wifi-9b23c-default-rtdb.firebaseio.com:443
2024-11-02 19:26:33,380 - DEBUG - https://sd-wifi-9b23c-default-rtdb.firebaseio.com:443 "GET /machine_states.json HTTP/1.1" 200 None
2024-11-02 19:26:56,583 - DEBUG - Starting new HTTPS connection (1): sd-wifi-9b23c-default-rtdb.firebaseio.com:443
2024-11-02 19:26:56,705 - DEBUG - https://sd-wifi-9b23c-default-rtdb.firebaseio.com:443 "GET /machine_states.json HTTP/1.1" 200 66
2024-11-02 19:26:56,750 - DEBUG - https://sd-wifi-9b23c-default-rtdb.firebaseio.com:443 "PUT /machine_states.json HTTP/1.1" 200 66
2024-11-02 19:26:56,797 - DEBUG - STREAM b'IHDR' 16 13
2024-11-02 19:26:56,797 - DEBUG - STREAM b'PLTE' 41 435
2024-11-02 19:26:56,797 - DEBUG - STREAM b'IDAT' 488 8192
2024-11-02 19:26:56,814 - DEBUG - STREAM b'IHDR' 16 13
2024-11-02 19:26:56,814 - DEBUG - STREAM b'PLTE' 41 189
2024-11-02 19:26:56,814 - DEBUG - STREAM b'IDAT' 242 8192
2024-11-02 19:26:56,827 - DEBUG - STREAM b'IHDR' 16 13
2024-11-02 19:26:56,827 - DEBUG - STREAM b'PLTE' 41 348
2024-11-02 19:26:56,827 - DEBUG - STREAM b'IDAT' 401 8192
2024-11-02 19:26:56,841 - DEBUG - STREAM b'IHDR' 16 13
2024-11-02 19:26:56,841 - DEBUG - STREAM b'PLTE' 41 156
2024-11-02 19:26:56,841 - DEBUG - STREAM b'IDAT' 209 8192
2024-11-02 19:26:56,853 - DEBUG - STREAM b'IHDR' 16 13
2024-11-02 19:26:56,853 - DEBUG - STREAM b'PLTE' 41 312
2024-11-02 19:26:56,853 - DEBUG - STREAM b'IDAT' 365 8192
2024-11-02 19:26:56,866 - DEBUG - STREAM b'IHDR' 16 13
2024-11-02 19:26:56,867 - DEBUG - STREAM b'PLTE' 41 141
2024-11-02 19:26:56,867 - DEBUG - STREAM b'IDAT' 194 8192
2024-11-02 19:26:56,879 - DEBUG - STREAM b'IHDR' 16 13
2024-11-02 19:26:56,879 - DEBUG - STREAM b'PLTE' 41 351
2024-11-02 19:26:56,879 - DEBUG - STREAM b'IDAT' 404 8192
2024-11-02 19:26:56,892 - DEBUG - STREAM b'IHDR' 16 13
2024-11-02 19:26:56,893 - DEBUG - STREAM b'PLTE' 41 159
2024-11-02 19:26:56,893 - DEBUG - STREAM b'IDAT' 212 8192
2024-11-02 19:26:56,908 - DEBUG - STREAM b'IHDR' 16 13
2024-11-02 19:26:56,908 - DEBUG - STREAM b'PLTE' 41 363
2024-11-02 19:26:56,908 - DEBUG - STREAM b'IDAT' 416 8192
2024-11-02 19:26:56,922 - DEBUG - STREAM b'IHDR' 16 13
2024-11-02 19:26:56,922 - DEBUG - STREAM b'PLTE' 41 165
2024-11-02 19:26:56,922 - DEBUG - STREAM b'IDAT' 218 8192
2024-11-02 19:26:56,933 - DEBUG - STREAM b'IHDR' 16 13
2024-11-02 19:26:56,933 - DEBUG - STREAM b'PLTE' 41 315
2024-11-02 19:26:56,933 - DEBUG - STREAM b'IDAT' 368 8192
2024-11-02 19:26:56,946 - DEBUG - STREAM b'IHDR' 16 13
2024-11-02 19:26:56,946 - DEBUG - STREAM b'PLTE' 41 141
2024-11-02 19:26:56,946 - DEBUG - STREAM b'IDAT' 194 8192
2024-11-02 19:26:56,957 - DEBUG - STREAM b'IHDR' 16 13
2024-11-02 19:26:56,957 - DEBUG - STREAM b'PLTE' 41 300
2024-11-02 19:26:56,957 - DEBUG - STREAM b'IDAT' 353 8192
2024-11-02 19:26:56,970 - DEBUG - STREAM b'IHDR' 16 13
2024-11-02 19:26:56,970 - DEBUG - STREAM b'PLTE' 41 126
2024-11-02 19:26:56,970 - DEBUG - STREAM b'IDAT' 179 8192
2024-11-02 19:26:56,981 - DEBUG - STREAM b'IHDR' 16 13
2024-11-02 19:26:56,981 - DEBUG - STREAM b'PLTE' 41 357
2024-11-02 19:26:56,981 - DEBUG - STREAM b'IDAT' 410 8192
2024-11-02 19:26:56,994 - DEBUG - STREAM b'IHDR' 16 13
2024-11-02 19:26:56,994 - DEBUG - STREAM b'PLTE' 41 147
2024-11-02 19:26:56,994 - DEBUG - STREAM b'IDAT' 200 8192
2024-11-02 19:26:57,005 - DEBUG - STREAM b'IHDR' 16 13
2024-11-02 19:26:57,005 - DEBUG - STREAM b'PLTE' 41 306
2024-11-02 19:26:57,005 - DEBUG - STREAM b'IDAT' 359 8192
2024-11-02 19:26:57,020 - DEBUG - STREAM b'IHDR' 16 13
2024-11-02 19:26:57,020 - DEBUG - STREAM b'PLTE' 41 153
2024-11-02 19:26:57,020 - DEBUG - STREAM b'IDAT' 206 8192
2024-11-02 19:26:57,032 - DEBUG - STREAM b'IHDR' 16 13
2024-11-02 19:26:57,032 - DEBUG - STREAM b'PLTE' 41 489
2024-11-02 19:26:57,032 - DEBUG - STREAM b'IDAT' 542 8192
2024-11-02 19:26:57,047 - DEBUG - STREAM b'IHDR' 16 13
2024-11-02 19:26:57,047 - DEBUG - STREAM b'PLTE' 41 225
2024-11-02 19:26:57,047 - DEBUG - STREAM b'IDAT' 278 8192
2024-11-02 19:26:57,059 - DEBUG - STREAM b'IHDR' 16 13
2024-11-02 19:26:57,059 - DEBUG - STREAM b'PLTE' 41 447
2024-11-02 19:26:57,059 - DEBUG - STREAM b'IDAT' 500 8192
2024-11-02 19:26:57,073 - DEBUG - STREAM b'IHDR' 16 13
2024-11-02 19:26:57,073 - DEBUG - STREAM b'PLTE' 41 192
2024-11-02 19:26:57,073 - DEBUG - STREAM b'IDAT' 245 8192
2024-11-02 19:26:57,085 - DEBUG - STREAM b'IHDR' 16 13
2024-11-02 19:26:57,085 - DEBUG - STREAM b'PLTE' 41 438
2024-11-02 19:26:57,085 - DEBUG - STREAM b'IDAT' 491 8192
2024-11-02 19:26:57,100 - DEBUG - STREAM b'IHDR' 16 13
2024-11-02 19:26:57,100 - DEBUG - STREAM b'PLTE' 41 180
2024-11-02 19:26:57,100 - DEBUG - STREAM b'IDAT' 233 8192
2024-11-02 19:26:57,112 - DEBUG - STREAM b'IHDR' 16 13
2024-11-02 19:26:57,112 - DEBUG - STREAM b'PLTE' 41 378
2024-11-02 19:26:57,112 - DEBUG - STREAM b'IDAT' 431 8192
2024-11-02 19:26:57,126 - DEBUG - STREAM b'IHDR' 16 13
2024-11-02 19:26:57,126 - DEBUG - STREAM b'PLTE' 41 183
2024-11-02 19:26:57,126 - DEBUG - STREAM b'IDAT' 236 8192
2024-11-02 19:26:57,139 - DEBUG - STREAM b'IHDR' 16 13
2024-11-02 19:26:57,139 - DEBUG - STREAM b'PLTE' 41 435
2024-11-02 19:26:57,139 - DEBUG - STREAM b'IDAT' 488 8192
2024-11-02 19:26:57,160 - DEBUG - STREAM b'IHDR' 16 13
2024-11-02 19:26:57,160 - DEBUG - STREAM b'PLTE' 41 171
2024-11-02 19:26:57,160 - DEBUG - STREAM b'IDAT' 224 8192
2024-11-02 19:26:57,181 - DEBUG - STREAM b'IHDR' 16 13
2024-11-02 19:26:57,181 - DEBUG - STREAM b'PLTE' 41 345
2024-11-02 19:26:57,181 - DEBUG - STREAM b'IDAT' 398 8192
2024-11-02 19:26:57,203 - DEBUG - STREAM b'IHDR' 16 13
2024-11-02 19:26:57,203 - DEBUG - STREAM b'PLTE' 41 153
2024-11-02 19:26:57,203 - DEBUG - STREAM b'IDAT' 206 8192
2024-11-02 19:26:57,221 - DEBUG - STREAM b'IHDR' 16 13
2024-11-02 19:26:57,222 - DEBUG - STREAM b'PLTE' 41 426
2024-11-02 19:26:57,222 - DEBUG - STREAM b'IDAT' 479 8192
2024-11-02 19:26:57,246 - DEBUG - STREAM b'IHDR' 16 13
2024-11-02 19:26:57,246 - DEBUG - STREAM b'PLTE' 41 177
2024-11-02 19:26:57,246 - DEBUG - STREAM b'IDAT' 230 8192
2024-11-02 19:26:57,267 - DEBUG - STREAM b'IHDR' 16 13
2024-11-02 19:26:57,267 - DEBUG - STREAM b'PLTE' 41 330
2024-11-02 19:26:57,267 - DEBUG - STREAM b'IDAT' 383 8192
2024-11-02 19:26:57,289 - DEBUG - STREAM b'IHDR' 16 13
2024-11-02 19:26:57,289 - DEBUG - STREAM b'PLTE' 41 330
2024-11-02 19:26:57,289 - DEBUG - STREAM b'IDAT' 383 8192
2024-11-02 19:26:57,303 - DEBUG - STREAM b'IHDR' 16 13
2024-11-02 19:26:57,303 - DEBUG - STREAM b'PLTE' 41 369
2024-11-02 19:26:57,303 - DEBUG - STREAM b'IDAT' 422 8192
2024-11-02 19:26:57,316 - DEBUG - STREAM b'IHDR' 16 13
2024-11-02 19:26:57,316 - DEBUG - STREAM b'PLTE' 41 144
2024-11-02 19:26:57,316 - DEBUG - STREAM b'IDAT' 197 8192
2024-11-02 19:26:57,327 - DEBUG - STREAM b'IHDR' 16 13
2024-11-02 19:26:57,327 - DEBUG - STREAM b'PLTE' 41 399
2024-11-02 19:26:57,327 - DEBUG - STREAM b'IDAT' 452 8192
2024-11-02 19:26:57,340 - DEBUG - STREAM b'IHDR' 16 13
2024-11-02 19:26:57,340 - DEBUG - STREAM b'PLTE' 41 162
2024-11-02 19:26:57,340 - DEBUG - STREAM b'IDAT' 215 8192
2024-11-02 19:26:57,352 - DEBUG - STREAM b'IHDR' 16 13
2024-11-02 19:26:57,352 - DEBUG - STREAM b'PLTE' 41 402
2024-11-02 19:26:57,352 - DEBUG - STREAM b'IDAT' 455 8192
2024-11-02 19:26:57,366 - DEBUG - STREAM b'IHDR' 16 13
2024-11-02 19:26:57,366 - DEBUG - STREAM b'PLTE' 41 177
2024-11-02 19:26:57,366 - DEBUG - STREAM b'IDAT' 230 8192
2024-11-02 19:26:57,378 - DEBUG - STREAM b'IHDR' 16 13
2024-11-02 19:26:57,378 - DEBUG - STREAM b'PLTE' 41 498
2024-11-02 19:26:57,378 - DEBUG - STREAM b'IDAT' 551 8192
2024-11-02 19:26:57,392 - DEBUG - STREAM b'IHDR' 16 13
2024-11-02 19:26:57,392 - DEBUG - STREAM b'PLTE' 41 195
2024-11-02 19:26:57,392 - DEBUG - STREAM b'IDAT' 248 8192
2024-11-02 19:26:57,403 - DEBUG - STREAM b'IHDR' 16 13
2024-11-02 19:26:57,403 - DEBUG - STREAM b'PLTE' 41 378
2024-11-02 19:26:57,403 - DEBUG - STREAM b'IDAT' 431 8192
2024-11-02 19:26:57,418 - DEBUG - STREAM b'IHDR' 16 13
2024-11-02 19:26:57,418 - DEBUG - STREAM b'PLTE' 41 171
2024-11-02 19:26:57,418 - DEBUG - STREAM b'IDAT' 224 8192
2024-11-02 19:26:57,430 - DEBUG - STREAM b'IHDR' 16 13
2024-11-02 19:26:57,430 - DEBUG - STREAM b'PLTE' 41 396
2024-11-02 19:26:57,430 - DEBUG - STREAM b'IDAT' 449 8192
2024-11-02 19:26:57,444 - DEBUG - STREAM b'IHDR' 16 13
2024-11-02 19:26:57,444 - DEBUG - STREAM b'PLTE' 41 198
2024-11-02 19:26:57,444 - DEBUG - STREAM b'IDAT' 251 8192
2024-11-02 19:26:57,456 - DEBUG - STREAM b'IHDR' 16 13
2024-11-02 19:26:57,456 - DEBUG - STREAM b'PLTE' 41 324
2024-11-02 19:26:57,456 - DEBUG - STREAM b'IDAT' 377 8192
2024-11-02 19:26:57,469 - DEBUG - STREAM b'IHDR' 16 13
2024-11-02 19:26:57,469 - DEBUG - STREAM b'PLTE' 41 144
2024-11-02 19:26:57,469 - DEBUG - STREAM b'IDAT' 197 8192
2024-11-02 19:26:57,479 - DEBUG - STREAM b'IHDR' 16 13
2024-11-02 19:26:57,480 - DEBUG - STREAM b'PLTE' 41 312
2024-11-02 19:26:57,480 - DEBUG - STREAM b'IDAT' 365 8192
2024-11-02 19:26:57,494 - DEBUG - STREAM b'IHDR' 16 13
2024-11-02 19:26:57,494 - DEBUG - STREAM b'PLTE' 41 162
2024-11-02 19:26:57,494 - DEBUG - STREAM b'IDAT' 215 8192
2024-11-02 19:26:57,510 - DEBUG - STREAM b'IHDR' 16 13
2024-11-02 19:26:57,510 - DEBUG - STREAM b'PLTE' 41 306
2024-11-02 19:26:57,510 - DEBUG - STREAM b'IDAT' 359 8192
2024-11-02 19:26:57,523 - DEBUG - STREAM b'IHDR' 16 13
2024-11-02 19:26:57,523 - DEBUG - STREAM b'PLTE' 41 123
2024-11-02 19:26:57,523 - DEBUG - STREAM b'IDAT' 176 8192
2024-11-02 19:26:57,534 - DEBUG - STREAM b'IHDR' 16 13
2024-11-02 19:26:57,534 - DEBUG - STREAM b'PLTE' 41 312
2024-11-02 19:26:57,534 - DEBUG - STREAM b'IDAT' 365 8192
2024-11-02 19:26:57,547 - DEBUG - STREAM b'IHDR' 16 13
2024-11-02 19:26:57,547 - DEBUG - STREAM b'PLTE' 41 174
2024-11-02 19:26:57,547 - DEBUG - STREAM b'IDAT' 227 8192
2024-11-02 19:26:57,558 - DEBUG - STREAM b'IHDR' 16 13
2024-11-02 19:26:57,558 - DEBUG - STREAM b'PLTE' 41 384
2024-11-02 19:26:57,558 - DEBUG - STREAM b'IDAT' 437 8192
2024-11-02 19:26:57,572 - DEBUG - STREAM b'IHDR' 16 13
2024-11-02 19:26:57,572 - DEBUG - STREAM b'PLTE' 41 216
2024-11-02 19:26:57,572 - DEBUG - STREAM b'IDAT' 269 8192
2024-11-02 19:26:57,583 - DEBUG - STREAM b'IHDR' 16 13
2024-11-02 19:26:57,583 - DEBUG - STREAM b'PLTE' 41 342
2024-11-02 19:26:57,583 - DEBUG - STREAM b'IDAT' 395 8192
2024-11-02 19:26:57,597 - DEBUG - STREAM b'IHDR' 16 13
2024-11-02 19:26:57,597 - DEBUG - STREAM b'PLTE' 41 180
2024-11-02 19:26:57,597 - DEBUG - STREAM b'IDAT' 233 8192
2024-11-02 19:26:57,609 - DEBUG - STREAM b'IHDR' 16 13
2024-11-02 19:26:57,609 - DEBUG - STREAM b'PLTE' 41 336
2024-11-02 19:26:57,609 - DEBUG - STREAM b'IDAT' 389 8192
2024-11-02 19:26:57,625 - DEBUG - STREAM b'IHDR' 16 13
2024-11-02 19:26:57,625 - DEBUG - STREAM b'PLTE' 41 153
2024-11-02 19:26:57,625 - DEBUG - STREAM b'IDAT' 206 8192
2024-11-02 19:26:57,640 - DEBUG - Starting new HTTPS connection (1): sd-wifi-9b23c-default-rtdb.firebaseio.com:443
2024-11-02 19:26:57,764 - DEBUG - https://sd-wifi-9b23c-default-rtdb.firebaseio.com:443 "GET /machine_states.json HTTP/1.1" 200 None
2024-11-02 19:58:03,595 - DEBUG - Starting new HTTPS connection (2): sd-wifi-9b23c-default-rtdb.firebaseio.com:443
2024-11-02 19:58:03,753 - DEBUG - https://sd-wifi-9b23c-default-rtdb.firebaseio.com:443 "PUT /machine_states/1.json HTTP/1.1" 200 1
2024-11-02 19:59:34,373 - DEBUG - Starting new HTTPS connection (1): sd-wifi-9b23c-default-rtdb.firebaseio.com:443
2024-11-02 19:59:34,487 - DEBUG - https://sd-wifi-9b23c-default-rtdb.firebaseio.com:443 "GET /machine_states.json HTTP/1.1" 200 66
2024-11-02 19:59:34,534 - DEBUG - https://sd-wifi-9b23c-default-rtdb.firebaseio.com:443 "PUT /machine_states.json HTTP/1.1" 200 66
2024-11-02 19:59:34,597 - DEBUG - STREAM b'IHDR' 16 13
2024-11-02 19:59:34,597 - DEBUG - STREAM b'PLTE' 41 435
2024-11-02 19:59:34,597 - DEBUG - STREAM b'IDAT' 488 8192
2024-11-02 19:59:34,614 - DEBUG - STREAM b'IHDR' 16 13
2024-11-02 19:59:34,614 - DEBUG - STREAM b'PLTE' 41 189
2024-11-02 19:59:34,614 - DEBUG - STREAM b'IDAT' 242 8192
2024-11-02 19:59:34,627 - DEBUG - STREAM b'IHDR' 16 13
2024-11-02 19:59:34,627 - DEBUG - STREAM b'PLTE' 41 348
2024-11-02 19:59:34,627 - DEBUG - STREAM b'IDAT' 401 8192
2024-11-02 19:59:34,641 - DEBUG - STREAM b'IHDR' 16 13
2024-11-02 19:59:34,641 - DEBUG - STREAM b'PLTE' 41 156
2024-11-02 19:59:34,641 - DEBUG - STREAM b'IDAT' 209 8192
2024-11-02 19:59:34,653 - DEBUG - STREAM b'IHDR' 16 13
2024-11-02 19:59:34,653 - DEBUG - STREAM b'PLTE' 41 312
2024-11-02 19:59:34,653 - DEBUG - STREAM b'IDAT' 365 8192
2024-11-02 19:59:34,666 - DEBUG - STREAM b'IHDR' 16 13
2024-11-02 19:59:34,666 - DEBUG - STREAM b'PLTE' 41 141
2024-11-02 19:59:34,666 - DEBUG - STREAM b'IDAT' 194 8192
2024-11-02 19:59:34,677 - DEBUG - STREAM b'IHDR' 16 13
2024-11-02 19:59:34,678 - DEBUG - STREAM b'PLTE' 41 351
2024-11-02 19:59:34,678 - DEBUG - STREAM b'IDAT' 404 8192
2024-11-02 19:59:34,691 - DEBUG - STREAM b'IHDR' 16 13
2024-11-02 19:59:34,692 - DEBUG - STREAM b'PLTE' 41 159
2024-11-02 19:59:34,692 - DEBUG - STREAM b'IDAT' 212 8192
2024-11-02 19:59:34,703 - DEBUG - STREAM b'IHDR' 16 13
2024-11-02 19:59:34,703 - DEBUG - STREAM b'PLTE' 41 363
2024-11-02 19:59:34,703 - DEBUG - STREAM b'IDAT' 416 8192
2024-11-02 19:59:34,716 - DEBUG - STREAM b'IHDR' 16 13
2024-11-02 19:59:34,716 - DEBUG - STREAM b'PLTE' 41 165
2024-11-02 19:59:34,716 - DEBUG - STREAM b'IDAT' 218 8192
2024-11-02 19:59:34,728 - DEBUG - STREAM b'IHDR' 16 13
2024-11-02 19:59:34,728 - DEBUG - STREAM b'PLTE' 41 315
2024-11-02 19:59:34,728 - DEBUG - STREAM b'IDAT' 368 8192
2024-11-02 19:59:34,740 - DEBUG - STREAM b'IHDR' 16 13
2024-11-02 19:59:34,740 - DEBUG - STREAM b'PLTE' 41 141
2024-11-02 19:59:34,740 - DEBUG - STREAM b'IDAT' 194 8192
2024-11-02 19:59:34,751 - DEBUG - STREAM b'IHDR' 16 13
2024-11-02 19:59:34,751 - DEBUG - STREAM b'PLTE' 41 300
2024-11-02 19:59:34,751 - DEBUG - STREAM b'IDAT' 353 8192
2024-11-02 19:59:34,764 - DEBUG - STREAM b'IHDR' 16 13
2024-11-02 19:59:34,764 - DEBUG - STREAM b'PLTE' 41 126
2024-11-02 19:59:34,764 - DEBUG - STREAM b'IDAT' 179 8192
2024-11-02 19:59:34,775 - DEBUG - STREAM b'IHDR' 16 13
2024-11-02 19:59:34,775 - DEBUG - STREAM b'PLTE' 41 357
2024-11-02 19:59:34,775 - DEBUG - STREAM b'IDAT' 410 8192
2024-11-02 19:59:34,789 - DEBUG - STREAM b'IHDR' 16 13
2024-11-02 19:59:34,789 - DEBUG - STREAM b'PLTE' 41 147
2024-11-02 19:59:34,789 - DEBUG - STREAM b'IDAT' 200 8192
2024-11-02 19:59:34,800 - DEBUG - STREAM b'IHDR' 16 13
2024-11-02 19:59:34,800 - DEBUG - STREAM b'PLTE' 41 306
2024-11-02 19:59:34,800 - DEBUG - STREAM b'IDAT' 359 8192
2024-11-02 19:59:34,816 - DEBUG - STREAM b'IHDR' 16 13
2024-11-02 19:59:34,816 - DEBUG - STREAM b'PLTE' 41 153
2024-11-02 19:59:34,816 - DEBUG - STREAM b'IDAT' 206 8192
2024-11-02 19:59:34,828 - DEBUG - STREAM b'IHDR' 16 13
2024-11-02 19:59:34,828 - DEBUG - STREAM b'PLTE' 41 489
2024-11-02 19:59:34,828 - DEBUG - STREAM b'IDAT' 542 8192
2024-11-02 19:59:34,843 - DEBUG - STREAM b'IHDR' 16 13
2024-11-02 19:59:34,843 - DEBUG - STREAM b'PLTE' 41 225
2024-11-02 19:59:34,843 - DEBUG - STREAM b'IDAT' 278 8192
2024-11-02 19:59:34,858 - DEBUG - STREAM b'IHDR' 16 13
2024-11-02 19:59:34,858 - DEBUG - STREAM b'PLTE' 41 447
2024-11-02 19:59:34,858 - DEBUG - STREAM b'IDAT' 500 8192
2024-11-02 19:59:34,872 - DEBUG - STREAM b'IHDR' 16 13
2024-11-02 19:59:34,873 - DEBUG - STREAM b'PLTE' 41 192
2024-11-02 19:59:34,873 - DEBUG - STREAM b'IDAT' 245 8192
2024-11-02 19:59:34,884 - DEBUG - STREAM b'IHDR' 16 13
2024-11-02 19:59:34,884 - DEBUG - STREAM b'PLTE' 41 438
2024-11-02 19:59:34,884 - DEBUG - STREAM b'IDAT' 491 8192
2024-11-02 19:59:34,898 - DEBUG - STREAM b'IHDR' 16 13
2024-11-02 19:59:34,898 - DEBUG - STREAM b'PLTE' 41 180
2024-11-02 19:59:34,898 - DEBUG - STREAM b'IDAT' 233 8192
2024-11-02 19:59:34,910 - DEBUG - STREAM b'IHDR' 16 13
2024-11-02 19:59:34,910 - DEBUG - STREAM b'PLTE' 41 378
2024-11-02 19:59:34,910 - DEBUG - STREAM b'IDAT' 431 8192
2024-11-02 19:59:34,924 - DEBUG - STREAM b'IHDR' 16 13
2024-11-02 19:59:34,924 - DEBUG - STREAM b'PLTE' 41 183
2024-11-02 19:59:34,924 - DEBUG - STREAM b'IDAT' 236 8192
2024-11-02 19:59:34,936 - DEBUG - STREAM b'IHDR' 16 13
2024-11-02 19:59:34,936 - DEBUG - STREAM b'PLTE' 41 435
2024-11-02 19:59:34,936 - DEBUG - STREAM b'IDAT' 488 8192
2024-11-02 19:59:34,951 - DEBUG - STREAM b'IHDR' 16 13
2024-11-02 19:59:34,951 - DEBUG - STREAM b'PLTE' 41 171
2024-11-02 19:59:34,951 - DEBUG - STREAM b'IDAT' 224 8192
2024-11-02 19:59:34,962 - DEBUG - STREAM b'IHDR' 16 13
2024-11-02 19:59:34,962 - DEBUG - STREAM b'PLTE' 41 345
2024-11-02 19:59:34,962 - DEBUG - STREAM b'IDAT' 398 8192
2024-11-02 19:59:34,976 - DEBUG - STREAM b'IHDR' 16 13
2024-11-02 19:59:34,976 - DEBUG - STREAM b'PLTE' 41 153
2024-11-02 19:59:34,976 - DEBUG - STREAM b'IDAT' 206 8192
2024-11-02 19:59:34,988 - DEBUG - STREAM b'IHDR' 16 13
2024-11-02 19:59:34,988 - DEBUG - STREAM b'PLTE' 41 426
2024-11-02 19:59:34,988 - DEBUG - STREAM b'IDAT' 479 8192
2024-11-02 19:59:35,003 - DEBUG - STREAM b'IHDR' 16 13
2024-11-02 19:59:35,003 - DEBUG - STREAM b'PLTE' 41 177
2024-11-02 19:59:35,003 - DEBUG - STREAM b'IDAT' 230 8192
2024-11-02 19:59:35,016 - DEBUG - STREAM b'IHDR' 16 13
2024-11-02 19:59:35,016 - DEBUG - STREAM b'PLTE' 41 330
2024-11-02 19:59:35,016 - DEBUG - STREAM b'IDAT' 383 8192
2024-11-02 19:59:35,032 - DEBUG - STREAM b'IHDR' 16 13
2024-11-02 19:59:35,032 - DEBUG - STREAM b'PLTE' 41 330
2024-11-02 19:59:35,032 - DEBUG - STREAM b'IDAT' 383 8192
2024-11-02 19:59:35,047 - DEBUG - STREAM b'IHDR' 16 13
2024-11-02 19:59:35,048 - DEBUG - STREAM b'PLTE' 41 369
2024-11-02 19:59:35,048 - DEBUG - STREAM b'IDAT' 422 8192
2024-11-02 19:59:35,063 - DEBUG - STREAM b'IHDR' 16 13
2024-11-02 19:59:35,063 - DEBUG - STREAM b'PLTE' 41 144
2024-11-02 19:59:35,063 - DEBUG - STREAM b'IDAT' 197 8192
2024-11-02 19:59:35,076 - DEBUG - STREAM b'IHDR' 16 13
2024-11-02 19:59:35,076 - DEBUG - STREAM b'PLTE' 41 399
2024-11-02 19:59:35,076 - DEBUG - STREAM b'IDAT' 452 8192
2024-11-02 19:59:35,092 - DEBUG - STREAM b'IHDR' 16 13
2024-11-02 19:59:35,092 - DEBUG - STREAM b'PLTE' 41 162
2024-11-02 19:59:35,092 - DEBUG - STREAM b'IDAT' 215 8192
2024-11-02 19:59:35,105 - DEBUG - STREAM b'IHDR' 16 13
2024-11-02 19:59:35,105 - DEBUG - STREAM b'PLTE' 41 402
2024-11-02 19:59:35,105 - DEBUG - STREAM b'IDAT' 455 8192
2024-11-02 19:59:35,121 - DEBUG - STREAM b'IHDR' 16 13
2024-11-02 19:59:35,121 - DEBUG - STREAM b'PLTE' 41 177
2024-11-02 19:59:35,121 - DEBUG - STREAM b'IDAT' 230 8192
2024-11-02 19:59:35,134 - DEBUG - STREAM b'IHDR' 16 13
2024-11-02 19:59:35,134 - DEBUG - STREAM b'PLTE' 41 498
2024-11-02 19:59:35,134 - DEBUG - STREAM b'IDAT' 551 8192
2024-11-02 19:59:35,151 - DEBUG - STREAM b'IHDR' 16 13
2024-11-02 19:59:35,152 - DEBUG - STREAM b'PLTE' 41 195
2024-11-02 19:59:35,152 - DEBUG - STREAM b'IDAT' 248 8192
2024-11-02 19:59:35,164 - DEBUG - STREAM b'IHDR' 16 13
2024-11-02 19:59:35,164 - DEBUG - STREAM b'PLTE' 41 378
2024-11-02 19:59:35,164 - DEBUG - STREAM b'IDAT' 431 8192
2024-11-02 19:59:35,181 - DEBUG - STREAM b'IHDR' 16 13
2024-11-02 19:59:35,181 - DEBUG - STREAM b'PLTE' 41 171
2024-11-02 19:59:35,181 - DEBUG - STREAM b'IDAT' 224 8192
2024-11-02 19:59:35,195 - DEBUG - STREAM b'IHDR' 16 13
2024-11-02 19:59:35,195 - DEBUG - STREAM b'PLTE' 41 396
2024-11-02 19:59:35,195 - DEBUG - STREAM b'IDAT' 449 8192
2024-11-02 19:59:35,211 - DEBUG - STREAM b'IHDR' 16 13
2024-11-02 19:59:35,212 - DEBUG - STREAM b'PLTE' 41 198
2024-11-02 19:59:35,212 - DEBUG - STREAM b'IDAT' 251 8192
2024-11-02 19:59:35,225 - DEBUG - STREAM b'IHDR' 16 13
2024-11-02 19:59:35,226 - DEBUG - STREAM b'PLTE' 41 324
2024-11-02 19:59:35,226 - DEBUG - STREAM b'IDAT' 377 8192
2024-11-02 19:59:35,240 - DEBUG - STREAM b'IHDR' 16 13
2024-11-02 19:59:35,240 - DEBUG - STREAM b'PLTE' 41 144
2024-11-02 19:59:35,240 - DEBUG - STREAM b'IDAT' 197 8192
2024-11-02 19:59:35,252 - DEBUG - STREAM b'IHDR' 16 13
2024-11-02 19:59:35,252 - DEBUG - STREAM b'PLTE' 41 312
2024-11-02 19:59:35,252 - DEBUG - STREAM b'IDAT' 365 8192
2024-11-02 19:59:35,265 - DEBUG - STREAM b'IHDR' 16 13
2024-11-02 19:59:35,265 - DEBUG - STREAM b'PLTE' 41 162
2024-11-02 19:59:35,265 - DEBUG - STREAM b'IDAT' 215 8192
2024-11-02 19:59:35,276 - DEBUG - STREAM b'IHDR' 16 13
2024-11-02 19:59:35,276 - DEBUG - STREAM b'PLTE' 41 306
2024-11-02 19:59:35,276 - DEBUG - STREAM b'IDAT' 359 8192
2024-11-02 19:59:35,290 - DEBUG - STREAM b'IHDR' 16 13
2024-11-02 19:59:35,290 - DEBUG - STREAM b'PLTE' 41 123
2024-11-02 19:59:35,290 - DEBUG - STREAM b'IDAT' 176 8192
2024-11-02 19:59:35,300 - DEBUG - STREAM b'IHDR' 16 13
2024-11-02 19:59:35,300 - DEBUG - STREAM b'PLTE' 41 312
2024-11-02 19:59:35,300 - DEBUG - STREAM b'IDAT' 365 8192
2024-11-02 19:59:35,314 - DEBUG - STREAM b'IHDR' 16 13
2024-11-02 19:59:35,314 - DEBUG - STREAM b'PLTE' 41 174
2024-11-02 19:59:35,314 - DEBUG - STREAM b'IDAT' 227 8192
2024-11-02 19:59:35,325 - DEBUG - STREAM b'IHDR' 16 13
2024-11-02 19:59:35,325 - DEBUG - STREAM b'PLTE' 41 384
2024-11-02 19:59:35,325 - DEBUG - STREAM b'IDAT' 437 8192
2024-11-02 19:59:35,338 - DEBUG - STREAM b'IHDR' 16 13
2024-11-02 19:59:35,338 - DEBUG - STREAM b'PLTE' 41 216
2024-11-02 19:59:35,338 - DEBUG - STREAM b'IDAT' 269 8192
2024-11-02 19:59:35,350 - DEBUG - STREAM b'IHDR' 16 13
2024-11-02 19:59:35,350 - DEBUG - STREAM b'PLTE' 41 342
2024-11-02 19:59:35,350 - DEBUG - STREAM b'IDAT' 395 8192
2024-11-02 19:59:35,369 - DEBUG - STREAM b'IHDR' 16 13
2024-11-02 19:59:35,369 - DEBUG - STREAM b'PLTE' 41 180
2024-11-02 19:59:35,370 - DEBUG - STREAM b'IDAT' 233 8192
2024-11-02 19:59:35,381 - DEBUG - STREAM b'IHDR' 16 13
2024-11-02 19:59:35,381 - DEBUG - STREAM b'PLTE' 41 336
2024-11-02 19:59:35,381 - DEBUG - STREAM b'IDAT' 389 8192
2024-11-02 19:59:35,397 - DEBUG - STREAM b'IHDR' 16 13
2024-11-02 19:59:35,397 - DEBUG - STREAM b'PLTE' 41 153
2024-11-02 19:59:35,397 - DEBUG - STREAM b'IDAT' 206 8192
2024-11-02 19:59:35,412 - DEBUG - Starting new HTTPS connection (1): sd-wifi-9b23c-default-rtdb.firebaseio.com:443
2024-11-02 19:59:35,529 - DEBUG - https://sd-wifi-9b23c-default-rtdb.firebaseio.com:443 "GET /machine_states.json HTTP/1.1" 200 None
2024-11-02 19:59:55,848 - DEBUG - https://sd-wifi-9b23c-default-rtdb.firebaseio.com:443 "PUT /machine_states/1.json HTTP/1.1" 200 1
2024-11-02 22:49:34,138 - DEBUG - Starting new HTTPS connection (2): sd-wifi-9b23c-default-rtdb.firebaseio.com:443
2024-11-02 22:49:34,346 - DEBUG - https://sd-wifi-9b23c-default-rtdb.firebaseio.com:443 "PUT /machine_states/3.json HTTP/1.1" 200 1
2024-11-02 22:49:34,792 - DEBUG - https://sd-wifi-9b23c-default-rtdb.firebaseio.com:443 "PUT /machine_states/4.json HTTP/1.1" 200 1
2024-11-02 22:53:30,730 - DEBUG - Starting new HTTPS connection (1): sd-wifi-9b23c-default-rtdb.firebaseio.com:443
2024-11-02 22:53:30,890 - DEBUG - https://sd-wifi-9b23c-default-rtdb.firebaseio.com:443 "GET /machine_states.json HTTP/1.1" 200 66
2024-11-02 22:53:30,938 - DEBUG - https://sd-wifi-9b23c-default-rtdb.firebaseio.com:443 "PUT /machine_states.json HTTP/1.1" 200 66
2024-11-02 22:53:30,982 - DEBUG - STREAM b'IHDR' 16 13
2024-11-02 22:53:30,982 - DEBUG - STREAM b'PLTE' 41 435
2024-11-02 22:53:30,982 - DEBUG - STREAM b'IDAT' 488 8192
2024-11-02 22:53:31,005 - DEBUG - STREAM b'IHDR' 16 13
2024-11-02 22:53:31,006 - DEBUG - STREAM b'PLTE' 41 189
2024-11-02 22:53:31,006 - DEBUG - STREAM b'IDAT' 242 8192
2024-11-02 22:53:31,022 - DEBUG - STREAM b'IHDR' 16 13
2024-11-02 22:53:31,022 - DEBUG - STREAM b'PLTE' 41 348
2024-11-02 22:53:31,022 - DEBUG - STREAM b'IDAT' 401 8192
2024-11-02 22:53:31,042 - DEBUG - STREAM b'IHDR' 16 13
2024-11-02 22:53:31,042 - DEBUG - STREAM b'PLTE' 41 156
2024-11-02 22:53:31,042 - DEBUG - STREAM b'IDAT' 209 8192
2024-11-02 22:53:31,054 - DEBUG - STREAM b'IHDR' 16 13
2024-11-02 22:53:31,055 - DEBUG - STREAM b'PLTE' 41 312
2024-11-02 22:53:31,055 - DEBUG - STREAM b'IDAT' 365 8192
2024-11-02 22:53:31,069 - DEBUG - STREAM b'IHDR' 16 13
2024-11-02 22:53:31,069 - DEBUG - STREAM b'PLTE' 41 141
2024-11-02 22:53:31,069 - DEBUG - STREAM b'IDAT' 194 8192
2024-11-02 22:53:31,082 - DEBUG - STREAM b'IHDR' 16 13
2024-11-02 22:53:31,082 - DEBUG - STREAM b'PLTE' 41 351
2024-11-02 22:53:31,082 - DEBUG - STREAM b'IDAT' 404 8192
2024-11-02 22:53:31,097 - DEBUG - STREAM b'IHDR' 16 13
2024-11-02 22:53:31,097 - DEBUG - STREAM b'PLTE' 41 159
2024-11-02 22:53:31,097 - DEBUG - STREAM b'IDAT' 212 8192
2024-11-02 22:53:31,110 - DEBUG - STREAM b'IHDR' 16 13
2024-11-02 22:53:31,110 - DEBUG - STREAM b'PLTE' 41 363
2024-11-02 22:53:31,110 - DEBUG - STREAM b'IDAT' 416 8192
2024-11-02 22:53:31,127 - DEBUG - STREAM b'IHDR' 16 13
2024-11-02 22:53:31,127 - DEBUG - STREAM b'PLTE' 41 165
2024-11-02 22:53:31,127 - DEBUG - STREAM b'IDAT' 218 8192
2024-11-02 22:53:31,140 - DEBUG - STREAM b'IHDR' 16 13
2024-11-02 22:53:31,140 - DEBUG - STREAM b'PLTE' 41 315
2024-11-02 22:53:31,140 - DEBUG - STREAM b'IDAT' 368 8192
2024-11-02 22:53:31,154 - DEBUG - STREAM b'IHDR' 16 13
2024-11-02 22:53:31,154 - DEBUG - STREAM b'PLTE' 41 141
2024-11-02 22:53:31,154 - DEBUG - STREAM b'IDAT' 194 8192
2024-11-02 22:53:31,165 - DEBUG - STREAM b'IHDR' 16 13
2024-11-02 22:53:31,165 - DEBUG - STREAM b'PLTE' 41 300
2024-11-02 22:53:31,166 - DEBUG - STREAM b'IDAT' 353 8192
2024-11-02 22:53:31,182 - DEBUG - STREAM b'IHDR' 16 13
2024-11-02 22:53:31,183 - DEBUG - STREAM b'PLTE' 41 126
2024-11-02 22:53:31,183 - DEBUG - STREAM b'IDAT' 179 8192
2024-11-02 22:53:31,194 - DEBUG - STREAM b'IHDR' 16 13
2024-11-02 22:53:31,194 - DEBUG - STREAM b'PLTE' 41 357
2024-11-02 22:53:31,194 - DEBUG - STREAM b'IDAT' 410 8192
2024-11-02 22:53:31,208 - DEBUG - STREAM b'IHDR' 16 13
2024-11-02 22:53:31,209 - DEBUG - STREAM b'PLTE' 41 147
2024-11-02 22:53:31,209 - DEBUG - STREAM b'IDAT' 200 8192
2024-11-02 22:53:31,222 - DEBUG - STREAM b'IHDR' 16 13
2024-11-02 22:53:31,222 - DEBUG - STREAM b'PLTE' 41 306
2024-11-02 22:53:31,222 - DEBUG - STREAM b'IDAT' 359 8192
2024-11-02 22:53:31,240 - DEBUG - STREAM b'IHDR' 16 13
2024-11-02 22:53:31,241 - DEBUG - STREAM b'PLTE' 41 153
2024-11-02 22:53:31,241 - DEBUG - STREAM b'IDAT' 206 8192
2024-11-02 22:53:31,255 - DEBUG - STREAM b'IHDR' 16 13
2024-11-02 22:53:31,255 - DEBUG - STREAM b'PLTE' 41 489
2024-11-02 22:53:31,255 - DEBUG - STREAM b'IDAT' 542 8192
2024-11-02 22:53:31,272 - DEBUG - STREAM b'IHDR' 16 13
2024-11-02 22:53:31,272 - DEBUG - STREAM b'PLTE' 41 225
2024-11-02 22:53:31,272 - DEBUG - STREAM b'IDAT' 278 8192
2024-11-02 22:53:31,289 - DEBUG - STREAM b'IHDR' 16 13
2024-11-02 22:53:31,289 - DEBUG - STREAM b'PLTE' 41 447
2024-11-02 22:53:31,289 - DEBUG - STREAM b'IDAT' 500 8192
2024-11-02 22:53:31,307 - DEBUG - STREAM b'IHDR' 16 13
2024-11-02 22:53:31,307 - DEBUG - STREAM b'PLTE' 41 192
2024-11-02 22:53:31,307 - DEBUG - STREAM b'IDAT' 245 8192
2024-11-02 22:53:31,319 - DEBUG - STREAM b'IHDR' 16 13
2024-11-02 22:53:31,319 - DEBUG - STREAM b'PLTE' 41 438
2024-11-02 22:53:31,320 - DEBUG - STREAM b'IDAT' 491 8192
2024-11-02 22:53:31,340 - DEBUG - STREAM b'IHDR' 16 13
2024-11-02 22:53:31,340 - DEBUG - STREAM b'PLTE' 41 180
2024-11-02 22:53:31,340 - DEBUG - STREAM b'IDAT' 233 8192
2024-11-02 22:53:31,354 - DEBUG - STREAM b'IHDR' 16 13
2024-11-02 22:53:31,354 - DEBUG - STREAM b'PLTE' 41 378
2024-11-02 22:53:31,354 - DEBUG - STREAM b'IDAT' 431 8192
2024-11-02 22:53:31,372 - DEBUG - STREAM b'IHDR' 16 13
2024-11-02 22:53:31,372 - DEBUG - STREAM b'PLTE' 41 183
2024-11-02 22:53:31,372 - DEBUG - STREAM b'IDAT' 236 8192
2024-11-02 22:53:31,384 - DEBUG - STREAM b'IHDR' 16 13
2024-11-02 22:53:31,384 - DEBUG - STREAM b'PLTE' 41 435
2024-11-02 22:53:31,384 - DEBUG - STREAM b'IDAT' 488 8192
2024-11-02 22:53:31,401 - DEBUG - STREAM b'IHDR' 16 13
2024-11-02 22:53:31,401 - DEBUG - STREAM b'PLTE' 41 171
2024-11-02 22:53:31,401 - DEBUG - STREAM b'IDAT' 224 8192
2024-11-02 22:53:31,415 - DEBUG - STREAM b'IHDR' 16 13
2024-11-02 22:53:31,416 - DEBUG - STREAM b'PLTE' 41 345
2024-11-02 22:53:31,416 - DEBUG - STREAM b'IDAT' 398 8192
2024-11-02 22:53:31,431 - DEBUG - STREAM b'IHDR' 16 13
2024-11-02 22:53:31,431 - DEBUG - STREAM b'PLTE' 41 153
2024-11-02 22:53:31,431 - DEBUG - STREAM b'IDAT' 206 8192
2024-11-02 22:53:31,444 - DEBUG - STREAM b'IHDR' 16 13
2024-11-02 22:53:31,444 - DEBUG - STREAM b'PLTE' 41 426
2024-11-02 22:53:31,444 - DEBUG - STREAM b'IDAT' 479 8192
2024-11-02 22:53:31,461 - DEBUG - STREAM b'IHDR' 16 13
2024-11-02 22:53:31,462 - DEBUG - STREAM b'PLTE' 41 177
2024-11-02 22:53:31,462 - DEBUG - STREAM b'IDAT' 230 8192
2024-11-02 22:53:31,477 - DEBUG - STREAM b'IHDR' 16 13
2024-11-02 22:53:31,477 - DEBUG - STREAM b'PLTE' 41 330
2024-11-02 22:53:31,477 - DEBUG - STREAM b'IDAT' 383 8192
2024-11-02 22:53:31,492 - DEBUG - STREAM b'IHDR' 16 13
2024-11-02 22:53:31,492 - DEBUG - STREAM b'PLTE' 41 330
2024-11-02 22:53:31,492 - DEBUG - STREAM b'IDAT' 383 8192
2024-11-02 22:53:31,507 - DEBUG - STREAM b'IHDR' 16 13
2024-11-02 22:53:31,507 - DEBUG - STREAM b'PLTE' 41 369
2024-11-02 22:53:31,507 - DEBUG - STREAM b'IDAT' 422 8192
2024-11-02 22:53:31,522 - DEBUG - STREAM b'IHDR' 16 13
2024-11-02 22:53:31,523 - DEBUG - STREAM b'PLTE' 41 144
2024-11-02 22:53:31,523 - DEBUG - STREAM b'IDAT' 197 8192
2024-11-02 22:53:31,535 - DEBUG - STREAM b'IHDR' 16 13
2024-11-02 22:53:31,535 - DEBUG - STREAM b'PLTE' 41 399
2024-11-02 22:53:31,535 - DEBUG - STREAM b'IDAT' 452 8192
2024-11-02 22:53:31,550 - DEBUG - STREAM b'IHDR' 16 13
2024-11-02 22:53:31,550 - DEBUG - STREAM b'PLTE' 41 162
2024-11-02 22:53:31,550 - DEBUG - STREAM b'IDAT' 215 8192
2024-11-02 22:53:31,563 - DEBUG - STREAM b'IHDR' 16 13
2024-11-02 22:53:31,563 - DEBUG - STREAM b'PLTE' 41 402
2024-11-02 22:53:31,563 - DEBUG - STREAM b'IDAT' 455 8192
2024-11-02 22:53:31,578 - DEBUG - STREAM b'IHDR' 16 13
2024-11-02 22:53:31,579 - DEBUG - STREAM b'PLTE' 41 177
2024-11-02 22:53:31,579 - DEBUG - STREAM b'IDAT' 230 8192
2024-11-02 22:53:31,592 - DEBUG - STREAM b'IHDR' 16 13
2024-11-02 22:53:31,592 - DEBUG - STREAM b'PLTE' 41 498
2024-11-02 22:53:31,592 - DEBUG - STREAM b'IDAT' 551 8192
2024-11-02 22:53:31,607 - DEBUG - STREAM b'IHDR' 16 13
2024-11-02 22:53:31,607 - DEBUG - STREAM b'PLTE' 41 195
2024-11-02 22:53:31,607 - DEBUG - STREAM b'IDAT' 248 8192
2024-11-02 22:53:31,619 - DEBUG - STREAM b'IHDR' 16 13
2024-11-02 22:53:31,619 - DEBUG - STREAM b'PLTE' 41 378
2024-11-02 22:53:31,619 - DEBUG - STREAM b'IDAT' 431 8192
2024-11-02 22:53:31,638 - DEBUG - STREAM b'IHDR' 16 13
2024-11-02 22:53:31,638 - DEBUG - STREAM b'PLTE' 41 171
2024-11-02 22:53:31,638 - DEBUG - STREAM b'IDAT' 224 8192
2024-11-02 22:53:31,652 - DEBUG - STREAM b'IHDR' 16 13
2024-11-02 22:53:31,652 - DEBUG - STREAM b'PLTE' 41 396
2024-11-02 22:53:31,652 - DEBUG - STREAM b'IDAT' 449 8192
2024-11-02 22:53:31,667 - DEBUG - STREAM b'IHDR' 16 13
2024-11-02 22:53:31,667 - DEBUG - STREAM b'PLTE' 41 198
2024-11-02 22:53:31,667 - DEBUG - STREAM b'IDAT' 251 8192
2024-11-02 22:53:31,681 - DEBUG - STREAM b'IHDR' 16 13
2024-11-02 22:53:31,681 - DEBUG - STREAM b'PLTE' 41 324
2024-11-02 22:53:31,681 - DEBUG - STREAM b'IDAT' 377 8192
2024-11-02 22:53:31,695 - DEBUG - STREAM b'IHDR' 16 13
2024-11-02 22:53:31,696 - DEBUG - STREAM b'PLTE' 41 144
2024-11-02 22:53:31,696 - DEBUG - STREAM b'IDAT' 197 8192
2024-11-02 22:53:31,708 - DEBUG - STREAM b'IHDR' 16 13
2024-11-02 22:53:31,708 - DEBUG - STREAM b'PLTE' 41 312
2024-11-02 22:53:31,708 - DEBUG - STREAM b'IDAT' 365 8192
2024-11-02 22:53:31,722 - DEBUG - STREAM b'IHDR' 16 13
2024-11-02 22:53:31,722 - DEBUG - STREAM b'PLTE' 41 162
2024-11-02 22:53:31,722 - DEBUG - STREAM b'IDAT' 215 8192
2024-11-02 22:53:31,734 - DEBUG - STREAM b'IHDR' 16 13
2024-11-02 22:53:31,734 - DEBUG - STREAM b'PLTE' 41 306
2024-11-02 22:53:31,734 - DEBUG - STREAM b'IDAT' 359 8192
2024-11-02 22:53:31,751 - DEBUG - STREAM b'IHDR' 16 13
2024-11-02 22:53:31,751 - DEBUG - STREAM b'PLTE' 41 123
2024-11-02 22:53:31,751 - DEBUG - STREAM b'IDAT' 176 8192
2024-11-02 22:53:31,766 - DEBUG - STREAM b'IHDR' 16 13
2024-11-02 22:53:31,766 - DEBUG - STREAM b'PLTE' 41 312
2024-11-02 22:53:31,766 - DEBUG - STREAM b'IDAT' 365 8192
2024-11-02 22:53:31,781 - DEBUG - STREAM b'IHDR' 16 13
2024-11-02 22:53:31,781 - DEBUG - STREAM b'PLTE' 41 174
2024-11-02 22:53:31,781 - DEBUG - STREAM b'IDAT' 227 8192
2024-11-02 22:53:31,798 - DEBUG - STREAM b'IHDR' 16 13
2024-11-02 22:53:31,798 - DEBUG - STREAM b'PLTE' 41 384
2024-11-02 22:53:31,798 - DEBUG - STREAM b'IDAT' 437 8192
2024-11-02 22:53:31,820 - DEBUG - STREAM b'IHDR' 16 13
2024-11-02 22:53:31,820 - DEBUG - STREAM b'PLTE' 41 216
2024-11-02 22:53:31,820 - DEBUG - STREAM b'IDAT' 269 8192
2024-11-02 22:53:31,836 - DEBUG - STREAM b'IHDR' 16 13
2024-11-02 22:53:31,836 - DEBUG - STREAM b'PLTE' 41 342
2024-11-02 22:53:31,836 - DEBUG - STREAM b'IDAT' 395 8192
2024-11-02 22:53:31,859 - DEBUG - STREAM b'IHDR' 16 13
2024-11-02 22:53:31,859 - DEBUG - STREAM b'PLTE' 41 180
2024-11-02 22:53:31,859 - DEBUG - STREAM b'IDAT' 233 8192
2024-11-02 22:53:31,877 - DEBUG - STREAM b'IHDR' 16 13
2024-11-02 22:53:31,877 - DEBUG - STREAM b'PLTE' 41 336
2024-11-02 22:53:31,877 - DEBUG - STREAM b'IDAT' 389 8192
2024-11-02 22:53:31,901 - DEBUG - STREAM b'IHDR' 16 13
2024-11-02 22:53:31,901 - DEBUG - STREAM b'PLTE' 41 153
2024-11-02 22:53:31,901 - DEBUG - STREAM b'IDAT' 206 8192
2024-11-02 22:53:31,921 - DEBUG - Starting new HTTPS connection (1): sd-wifi-9b23c-default-rtdb.firebaseio.com:443
2024-11-02 22:53:32,028 - DEBUG - https://sd-wifi-9b23c-default-rtdb.firebaseio.com:443 "GET /machine_states.json HTTP/1.1" 200 None
2024-11-02 22:53:46,070 - DEBUG - https://sd-wifi-9b23c-default-rtdb.firebaseio.com:443 "PUT /machine_states/1.json HTTP/1.1" 200 1
2024-11-02 22:53:46,129 - DEBUG - https://sd-wifi-9b23c-default-rtdb.firebaseio.com:443 "PUT /machine_states/2.json HTTP/1.1" 200 1
2024-11-02 22:53:46,181 - DEBUG - https://sd-wifi-9b23c-default-rtdb.firebaseio.com:443 "PUT /machine_states/3.json HTTP/1.1" 200 1
2024-11-02 22:53:46,241 - DEBUG - https://sd-wifi-9b23c-default-rtdb.firebaseio.com:443 "PUT /machine_states/4.json HTTP/1.1" 200 1
2024-11-02 22:53:46,293 - DEBUG - https://sd-wifi-9b23c-default-rtdb.firebaseio.com:443 "PUT /machine_states/5.json HTTP/1.1" 200 1
2024-11-02 22:53:46,346 - DEBUG - https://sd-wifi-9b23c-default-rtdb.firebaseio.com:443 "PUT /machine_states/6.json HTTP/1.1" 200 1
2024-11-02 22:53:46,399 - DEBUG - https://sd-wifi-9b23c-default-rtdb.firebaseio.com:443 "PUT /machine_states/7.json HTTP/1.1" 200 1
2024-11-02 22:53:46,454 - DEBUG - https://sd-wifi-9b23c-default-rtdb.firebaseio.com:443 "PUT /machine_states/8.json HTTP/1.1" 200 1
2024-11-02 22:53:46,515 - DEBUG - https://sd-wifi-9b23c-default-rtdb.firebaseio.com:443 "PUT /machine_states/9.json HTTP/1.1" 200 1
2024-11-02 22:53:46,564 - DEBUG - https://sd-wifi-9b23c-default-rtdb.firebaseio.com:443 "PUT /machine_states/10.json HTTP/1.1" 200 1
2024-11-02 22:53:46,615 - DEBUG - https://sd-wifi-9b23c-default-rtdb.firebaseio.com:443 "PUT /machine_states/11.json HTTP/1.1" 200 1
2024-11-02 22:54:19,897 - INFO - Starting file transfer process.
2024-11-02 22:56:23,789 - DEBUG - Starting new HTTPS connection (1): sd-wifi-9b23c-default-rtdb.firebaseio.com:443
2024-11-02 22:56:23,903 - DEBUG - https://sd-wifi-9b23c-default-rtdb.firebaseio.com:443 "GET /machine_states.json HTTP/1.1" 200 66
2024-11-02 22:56:23,951 - DEBUG - https://sd-wifi-9b23c-default-rtdb.firebaseio.com:443 "PUT /machine_states.json HTTP/1.1" 200 66
2024-11-02 22:56:24,001 - DEBUG - STREAM b'IHDR' 16 13
2024-11-02 22:56:24,001 - DEBUG - STREAM b'PLTE' 41 435
2024-11-02 22:56:24,002 - DEBUG - STREAM b'IDAT' 488 8192
2024-11-02 22:56:24,024 - DEBUG - STREAM b'IHDR' 16 13
2024-11-02 22:56:24,024 - DEBUG - STREAM b'PLTE' 41 189
2024-11-02 22:56:24,024 - DEBUG - STREAM b'IDAT' 242 8192
2024-11-02 22:56:24,037 - DEBUG - STREAM b'IHDR' 16 13
2024-11-02 22:56:24,037 - DEBUG - STREAM b'PLTE' 41 348
2024-11-02 22:56:24,037 - DEBUG - STREAM b'IDAT' 401 8192
2024-11-02 22:56:24,051 - DEBUG - STREAM b'IHDR' 16 13
2024-11-02 22:56:24,051 - DEBUG - STREAM b'PLTE' 41 156
2024-11-02 22:56:24,051 - DEBUG - STREAM b'IDAT' 209 8192
2024-11-02 22:56:24,063 - DEBUG - STREAM b'IHDR' 16 13
2024-11-02 22:56:24,063 - DEBUG - STREAM b'PLTE' 41 312
2024-11-02 22:56:24,063 - DEBUG - STREAM b'IDAT' 365 8192
2024-11-02 22:56:24,076 - DEBUG - STREAM b'IHDR' 16 13
2024-11-02 22:56:24,076 - DEBUG - STREAM b'PLTE' 41 141
2024-11-02 22:56:24,076 - DEBUG - STREAM b'IDAT' 194 8192
2024-11-02 22:56:24,087 - DEBUG - STREAM b'IHDR' 16 13
2024-11-02 22:56:24,087 - DEBUG - STREAM b'PLTE' 41 351
2024-11-02 22:56:24,087 - DEBUG - STREAM b'IDAT' 404 8192
2024-11-02 22:56:24,102 - DEBUG - STREAM b'IHDR' 16 13
2024-11-02 22:56:24,102 - DEBUG - STREAM b'PLTE' 41 159
2024-11-02 22:56:24,102 - DEBUG - STREAM b'IDAT' 212 8192
2024-11-02 22:56:24,119 - DEBUG - STREAM b'IHDR' 16 13
2024-11-02 22:56:24,119 - DEBUG - STREAM b'PLTE' 41 363
2024-11-02 22:56:24,119 - DEBUG - STREAM b'IDAT' 416 8192
2024-11-02 22:56:24,132 - DEBUG - STREAM b'IHDR' 16 13
2024-11-02 22:56:24,132 - DEBUG - STREAM b'PLTE' 41 165
2024-11-02 22:56:24,132 - DEBUG - STREAM b'IDAT' 218 8192
2024-11-02 22:56:24,144 - DEBUG - STREAM b'IHDR' 16 13
2024-11-02 22:56:24,144 - DEBUG - STREAM b'PLTE' 41 315
2024-11-02 22:56:24,144 - DEBUG - STREAM b'IDAT' 368 8192
2024-11-02 22:56:24,156 - DEBUG - STREAM b'IHDR' 16 13
2024-11-02 22:56:24,157 - DEBUG - STREAM b'PLTE' 41 141
2024-11-02 22:56:24,157 - DEBUG - STREAM b'IDAT' 194 8192
2024-11-02 22:56:24,167 - DEBUG - STREAM b'IHDR' 16 13
2024-11-02 22:56:24,167 - DEBUG - STREAM b'PLTE' 41 300
2024-11-02 22:56:24,167 - DEBUG - STREAM b'IDAT' 353 8192
2024-11-02 22:56:24,181 - DEBUG - STREAM b'IHDR' 16 13
2024-11-02 22:56:24,181 - DEBUG - STREAM b'PLTE' 41 126
2024-11-02 22:56:24,181 - DEBUG - STREAM b'IDAT' 179 8192
2024-11-02 22:56:24,192 - DEBUG - STREAM b'IHDR' 16 13
2024-11-02 22:56:24,192 - DEBUG - STREAM b'PLTE' 41 357
2024-11-02 22:56:24,192 - DEBUG - STREAM b'IDAT' 410 8192
2024-11-02 22:56:24,205 - DEBUG - STREAM b'IHDR' 16 13
2024-11-02 22:56:24,205 - DEBUG - STREAM b'PLTE' 41 147
2024-11-02 22:56:24,205 - DEBUG - STREAM b'IDAT' 200 8192
2024-11-02 22:56:24,216 - DEBUG - STREAM b'IHDR' 16 13
2024-11-02 22:56:24,217 - DEBUG - STREAM b'PLTE' 41 306
2024-11-02 22:56:24,217 - DEBUG - STREAM b'IDAT' 359 8192
2024-11-02 22:56:24,231 - DEBUG - STREAM b'IHDR' 16 13
2024-11-02 22:56:24,231 - DEBUG - STREAM b'PLTE' 41 153
2024-11-02 22:56:24,231 - DEBUG - STREAM b'IDAT' 206 8192
2024-11-02 22:56:24,244 - DEBUG - STREAM b'IHDR' 16 13
2024-11-02 22:56:24,244 - DEBUG - STREAM b'PLTE' 41 489
2024-11-02 22:56:24,244 - DEBUG - STREAM b'IDAT' 542 8192
2024-11-02 22:56:24,261 - DEBUG - STREAM b'IHDR' 16 13
2024-11-02 22:56:24,261 - DEBUG - STREAM b'PLTE' 41 225
2024-11-02 22:56:24,261 - DEBUG - STREAM b'IDAT' 278 8192
2024-11-02 22:56:24,273 - DEBUG - STREAM b'IHDR' 16 13
2024-11-02 22:56:24,273 - DEBUG - STREAM b'PLTE' 41 447
2024-11-02 22:56:24,273 - DEBUG - STREAM b'IDAT' 500 8192
2024-11-02 22:56:24,287 - DEBUG - STREAM b'IHDR' 16 13
2024-11-02 22:56:24,287 - DEBUG - STREAM b'PLTE' 41 192
2024-11-02 22:56:24,287 - DEBUG - STREAM b'IDAT' 245 8192
2024-11-02 22:56:24,298 - DEBUG - STREAM b'IHDR' 16 13
2024-11-02 22:56:24,298 - DEBUG - STREAM b'PLTE' 41 438
2024-11-02 22:56:24,298 - DEBUG - STREAM b'IDAT' 491 8192
2024-11-02 22:56:24,313 - DEBUG - STREAM b'IHDR' 16 13
2024-11-02 22:56:24,313 - DEBUG - STREAM b'PLTE' 41 180
2024-11-02 22:56:24,313 - DEBUG - STREAM b'IDAT' 233 8192
2024-11-02 22:56:24,325 - DEBUG - STREAM b'IHDR' 16 13
2024-11-02 22:56:24,325 - DEBUG - STREAM b'PLTE' 41 378
2024-11-02 22:56:24,325 - DEBUG - STREAM b'IDAT' 431 8192
2024-11-02 22:56:24,339 - DEBUG - STREAM b'IHDR' 16 13
2024-11-02 22:56:24,339 - DEBUG - STREAM b'PLTE' 41 183
2024-11-02 22:56:24,339 - DEBUG - STREAM b'IDAT' 236 8192
2024-11-02 22:56:24,351 - DEBUG - STREAM b'IHDR' 16 13
2024-11-02 22:56:24,351 - DEBUG - STREAM b'PLTE' 41 435
2024-11-02 22:56:24,351 - DEBUG - STREAM b'IDAT' 488 8192
2024-11-02 22:56:24,366 - DEBUG - STREAM b'IHDR' 16 13
2024-11-02 22:56:24,366 - DEBUG - STREAM b'PLTE' 41 171
2024-11-02 22:56:24,366 - DEBUG - STREAM b'IDAT' 224 8192
2024-11-02 22:56:24,378 - DEBUG - STREAM b'IHDR' 16 13
2024-11-02 22:56:24,378 - DEBUG - STREAM b'PLTE' 41 345
2024-11-02 22:56:24,378 - DEBUG - STREAM b'IDAT' 398 8192
2024-11-02 22:56:24,391 - DEBUG - STREAM b'IHDR' 16 13
2024-11-02 22:56:24,391 - DEBUG - STREAM b'PLTE' 41 153
2024-11-02 22:56:24,391 - DEBUG - STREAM b'IDAT' 206 8192
2024-11-02 22:56:24,403 - DEBUG - STREAM b'IHDR' 16 13
2024-11-02 22:56:24,403 - DEBUG - STREAM b'PLTE' 41 426
2024-11-02 22:56:24,403 - DEBUG - STREAM b'IDAT' 479 8192
2024-11-02 22:56:24,417 - DEBUG - STREAM b'IHDR' 16 13
2024-11-02 22:56:24,418 - DEBUG - STREAM b'PLTE' 41 177
2024-11-02 22:56:24,418 - DEBUG - STREAM b'IDAT' 230 8192
2024-11-02 22:56:24,430 - DEBUG - STREAM b'IHDR' 16 13
2024-11-02 22:56:24,430 - DEBUG - STREAM b'PLTE' 41 330
2024-11-02 22:56:24,430 - DEBUG - STREAM b'IDAT' 383 8192
2024-11-02 22:56:24,443 - DEBUG - STREAM b'IHDR' 16 13
2024-11-02 22:56:24,443 - DEBUG - STREAM b'PLTE' 41 330
2024-11-02 22:56:24,443 - DEBUG - STREAM b'IDAT' 383 8192
2024-11-02 22:56:24,456 - DEBUG - STREAM b'IHDR' 16 13
2024-11-02 22:56:24,456 - DEBUG - STREAM b'PLTE' 41 369
2024-11-02 22:56:24,456 - DEBUG - STREAM b'IDAT' 422 8192
2024-11-02 22:56:24,470 - DEBUG - STREAM b'IHDR' 16 13
2024-11-02 22:56:24,470 - DEBUG - STREAM b'PLTE' 41 144
2024-11-02 22:56:24,470 - DEBUG - STREAM b'IDAT' 197 8192
2024-11-02 22:56:24,483 - DEBUG - STREAM b'IHDR' 16 13
2024-11-02 22:56:24,483 - DEBUG - STREAM b'PLTE' 41 399
2024-11-02 22:56:24,483 - DEBUG - STREAM b'IDAT' 452 8192
2024-11-02 22:56:24,502 - DEBUG - STREAM b'IHDR' 16 13
2024-11-02 22:56:24,502 - DEBUG - STREAM b'PLTE' 41 162
2024-11-02 22:56:24,502 - DEBUG - STREAM b'IDAT' 215 8192
2024-11-02 22:56:24,514 - DEBUG - STREAM b'IHDR' 16 13
2024-11-02 22:56:24,514 - DEBUG - STREAM b'PLTE' 41 402
2024-11-02 22:56:24,514 - DEBUG - STREAM b'IDAT' 455 8192
2024-11-02 22:56:24,528 - DEBUG - STREAM b'IHDR' 16 13
2024-11-02 22:56:24,528 - DEBUG - STREAM b'PLTE' 41 177
2024-11-02 22:56:24,528 - DEBUG - STREAM b'IDAT' 230 8192
2024-11-02 22:56:24,540 - DEBUG - STREAM b'IHDR' 16 13
2024-11-02 22:56:24,540 - DEBUG - STREAM b'PLTE' 41 498
2024-11-02 22:56:24,540 - DEBUG - STREAM b'IDAT' 551 8192
2024-11-02 22:56:24,553 - DEBUG - STREAM b'IHDR' 16 13
2024-11-02 22:56:24,554 - DEBUG - STREAM b'PLTE' 41 195
2024-11-02 22:56:24,554 - DEBUG - STREAM b'IDAT' 248 8192
2024-11-02 22:56:24,564 - DEBUG - STREAM b'IHDR' 16 13
2024-11-02 22:56:24,565 - DEBUG - STREAM b'PLTE' 41 378
2024-11-02 22:56:24,565 - DEBUG - STREAM b'IDAT' 431 8192
2024-11-02 22:56:24,579 - DEBUG - STREAM b'IHDR' 16 13
2024-11-02 22:56:24,580 - DEBUG - STREAM b'PLTE' 41 171
2024-11-02 22:56:24,580 - DEBUG - STREAM b'IDAT' 224 8192
2024-11-02 22:56:24,592 - DEBUG - STREAM b'IHDR' 16 13
2024-11-02 22:56:24,592 - DEBUG - STREAM b'PLTE' 41 396
2024-11-02 22:56:24,592 - DEBUG - STREAM b'IDAT' 449 8192
2024-11-02 22:56:24,608 - DEBUG - STREAM b'IHDR' 16 13
2024-11-02 22:56:24,609 - DEBUG - STREAM b'PLTE' 41 198
2024-11-02 22:56:24,609 - DEBUG - STREAM b'IDAT' 251 8192
2024-11-02 22:56:24,622 - DEBUG - STREAM b'IHDR' 16 13
2024-11-02 22:56:24,622 - DEBUG - STREAM b'PLTE' 41 324
2024-11-02 22:56:24,622 - DEBUG - STREAM b'IDAT' 377 8192
2024-11-02 22:56:24,635 - DEBUG - STREAM b'IHDR' 16 13
2024-11-02 22:56:24,635 - DEBUG - STREAM b'PLTE' 41 144
2024-11-02 22:56:24,635 - DEBUG - STREAM b'IDAT' 197 8192
2024-11-02 22:56:24,646 - DEBUG - STREAM b'IHDR' 16 13
2024-11-02 22:56:24,646 - DEBUG - STREAM b'PLTE' 41 312
2024-11-02 22:56:24,646 - DEBUG - STREAM b'IDAT' 365 8192
2024-11-02 22:56:24,659 - DEBUG - STREAM b'IHDR' 16 13
2024-11-02 22:56:24,659 - DEBUG - STREAM b'PLTE' 41 162
2024-11-02 22:56:24,659 - DEBUG - STREAM b'IDAT' 215 8192
2024-11-02 22:56:24,670 - DEBUG - STREAM b'IHDR' 16 13
2024-11-02 22:56:24,670 - DEBUG - STREAM b'PLTE' 41 306
2024-11-02 22:56:24,670 - DEBUG - STREAM b'IDAT' 359 8192
2024-11-02 22:56:24,683 - DEBUG - STREAM b'IHDR' 16 13
2024-11-02 22:56:24,683 - DEBUG - STREAM b'PLTE' 41 123
2024-11-02 22:56:24,683 - DEBUG - STREAM b'IDAT' 176 8192
2024-11-02 22:56:24,693 - DEBUG - STREAM b'IHDR' 16 13
2024-11-02 22:56:24,693 - DEBUG - STREAM b'PLTE' 41 312
2024-11-02 22:56:24,693 - DEBUG - STREAM b'IDAT' 365 8192
2024-11-02 22:56:24,706 - DEBUG - STREAM b'IHDR' 16 13
2024-11-02 22:56:24,707 - DEBUG - STREAM b'PLTE' 41 174
2024-11-02 22:56:24,707 - DEBUG - STREAM b'IDAT' 227 8192
2024-11-02 22:56:24,718 - DEBUG - STREAM b'IHDR' 16 13
2024-11-02 22:56:24,718 - DEBUG - STREAM b'PLTE' 41 384
2024-11-02 22:56:24,718 - DEBUG - STREAM b'IDAT' 437 8192
2024-11-02 22:56:24,731 - DEBUG - STREAM b'IHDR' 16 13
2024-11-02 22:56:24,731 - DEBUG - STREAM b'PLTE' 41 216
2024-11-02 22:56:24,731 - DEBUG - STREAM b'IDAT' 269 8192
2024-11-02 22:56:24,743 - DEBUG - STREAM b'IHDR' 16 13
2024-11-02 22:56:24,743 - DEBUG - STREAM b'PLTE' 41 342
2024-11-02 22:56:24,743 - DEBUG - STREAM b'IDAT' 395 8192
2024-11-02 22:56:24,761 - DEBUG - STREAM b'IHDR' 16 13
2024-11-02 22:56:24,761 - DEBUG - STREAM b'PLTE' 41 180
2024-11-02 22:56:24,761 - DEBUG - STREAM b'IDAT' 233 8192
2024-11-02 22:56:24,777 - DEBUG - STREAM b'IHDR' 16 13
2024-11-02 22:56:24,777 - DEBUG - STREAM b'PLTE' 41 336
2024-11-02 22:56:24,777 - DEBUG - STREAM b'IDAT' 389 8192
2024-11-02 22:56:24,793 - DEBUG - STREAM b'IHDR' 16 13
2024-11-02 22:56:24,793 - DEBUG - STREAM b'PLTE' 41 153
2024-11-02 22:56:24,793 - DEBUG - STREAM b'IDAT' 206 8192
2024-11-02 22:56:24,808 - DEBUG - Starting new HTTPS connection (1): sd-wifi-9b23c-default-rtdb.firebaseio.com:443
2024-11-02 22:56:24,913 - DEBUG - https://sd-wifi-9b23c-default-rtdb.firebaseio.com:443 "GET /machine_states.json HTTP/1.1" 200 None
2024-11-02 22:56:28,562 - DEBUG - https://sd-wifi-9b23c-default-rtdb.firebaseio.com:443 "PUT /machine_states/1.json HTTP/1.1" 200 1
2024-11-02 22:56:28,615 - DEBUG - https://sd-wifi-9b23c-default-rtdb.firebaseio.com:443 "PUT /machine_states/2.json HTTP/1.1" 200 1
2024-11-02 22:56:28,654 - DEBUG - https://sd-wifi-9b23c-default-rtdb.firebaseio.com:443 "PUT /machine_states/3.json HTTP/1.1" 200 1
2024-11-02 22:56:28,699 - DEBUG - https://sd-wifi-9b23c-default-rtdb.firebaseio.com:443 "PUT /machine_states/4.json HTTP/1.1" 200 1
2024-11-02 22:56:28,750 - DEBUG - https://sd-wifi-9b23c-default-rtdb.firebaseio.com:443 "PUT /machine_states/5.json HTTP/1.1" 200 1
2024-11-02 22:56:28,817 - DEBUG - https://sd-wifi-9b23c-default-rtdb.firebaseio.com:443 "PUT /machine_states/6.json HTTP/1.1" 200 1
2024-11-02 22:56:28,868 - DEBUG - https://sd-wifi-9b23c-default-rtdb.firebaseio.com:443 "PUT /machine_states/7.json HTTP/1.1" 200 1
2024-11-02 22:56:28,921 - DEBUG - https://sd-wifi-9b23c-default-rtdb.firebaseio.com:443 "PUT /machine_states/8.json HTTP/1.1" 200 1
2024-11-02 22:56:28,974 - DEBUG - https://sd-wifi-9b23c-default-rtdb.firebaseio.com:443 "PUT /machine_states/9.json HTTP/1.1" 200 1
2024-11-02 22:56:29,026 - DEBUG - https://sd-wifi-9b23c-default-rtdb.firebaseio.com:443 "PUT /machine_states/10.json HTTP/1.1" 200 1
2024-11-02 22:56:29,073 - DEBUG - https://sd-wifi-9b23c-default-rtdb.firebaseio.com:443 "PUT /machine_states/11.json HTTP/1.1" 200 1
2024-11-02 22:56:29,960 - DEBUG - https://sd-wifi-9b23c-default-rtdb.firebaseio.com:443 "PUT /machine_states/11.json HTTP/1.1" 200 1
2024-11-02 22:57:01,671 - INFO - Starting file transfer process.
2024-11-02 22:57:01,982 - DEBUG - Processing queue item for Machine 3 with progress: 0.14727002786902582
2024-11-02 22:57:01,983 - DEBUG - Processing queue item for Machine 3 with progress: 0.29454005573805164
2024-11-02 22:57:01,985 - DEBUG - Processing queue item for Machine 3 with progress: 0.4418100836070775
2024-11-02 22:57:01,986 - DEBUG - Processing queue item for Machine 3 with progress: 0.5890801114761033
2024-11-02 22:57:01,987 - DEBUG - Processing queue item for Machine 3 with progress: 0.7363501393451292
2024-11-02 22:57:01,988 - DEBUG - Processing queue item for Machine 3 with progress: 0.883620167214155
2024-11-02 22:57:01,989 - DEBUG - Processing queue item for Machine 3 with progress: 1.0
2024-11-02 22:57:01,993 - DEBUG - Processing queue item for Machine 4 with progress: 0.14920093996182382
2024-11-02 22:57:01,994 - DEBUG - Processing queue item for Machine 2 with progress: 0.6342240859458024
2024-11-02 22:57:01,995 - DEBUG - Processing queue item for Machine 4 with progress: 0.29840187992364764
2024-11-02 22:57:01,996 - DEBUG - Processing queue item for Machine 2 with progress: 1.0
2024-11-02 22:57:01,998 - DEBUG - Processing queue item for Machine 4 with progress: 0.4476028198854715
2024-11-02 22:57:02,000 - DEBUG - Processing queue item for Machine 4 with progress: 0.5968037598472953
2024-11-02 22:57:02,000 - DEBUG - Processing queue item for Machine 4 with progress: 0.7460046998091192
2024-11-02 22:57:02,108 - DEBUG - Processing queue item for Machine 4 with progress: 0.895205639770943
2024-11-02 22:57:02,110 - DEBUG - Processing queue item for Machine 4 with progress: 1.0
2024-11-02 22:57:02,113 - DEBUG - Processing queue item for Machine 5 with progress: 0.15296127464616865
2024-11-02 22:57:02,114 - DEBUG - Processing queue item for Machine 1 with progress: 1.0
2024-11-02 22:57:02,115 - DEBUG - Processing queue item for Machine 5 with progress: 0.3059225492923373
2024-11-02 22:57:02,116 - DEBUG - Processing queue item for Machine 5 with progress: 0.458883823938506
2024-11-02 22:57:02,117 - DEBUG - Processing queue item for Machine 5 with progress: 0.6118450985846746
2024-11-02 22:57:02,118 - DEBUG - Processing queue item for Machine 5 with progress: 0.7648063732308433
2024-11-02 22:57:02,119 - DEBUG - Processing queue item for Machine 5 with progress: 0.917767647877012
2024-11-02 22:57:02,119 - DEBUG - Processing queue item for Machine 5 with progress: 1.0
